c:\users\afiq\documents\visual studio 2013\projects\cpp_cw2015\cpp_cw2015\debug\courseworkbase.bsc
c:\users\afiq\documents\visual studio 2013\projects\cpp_cw2015\cpp_cw2015\debug\vc120.pdb
c:\users\afiq\documents\visual studio 2013\projects\cpp_cw2015\cpp_cw2015\debug\vc120.idb
c:\users\afiq\documents\visual studio 2013\projects\cpp_cw2015\cpp_cw2015\debug\demoamain.sbr
c:\users\afiq\documents\visual studio 2013\projects\cpp_cw2015\cpp_cw2015\debug\demobobject.sbr
c:\users\afiq\documents\visual studio 2013\projects\cpp_cw2015\cpp_cw2015\debug\mainfunction.sbr
c:\users\afiq\documents\visual studio 2013\projects\cpp_cw2015\cpp_cw2015\debug\baseengine.sbr
c:\users\afiq\documents\visual studio 2013\projects\cpp_cw2015\cpp_cw2015\debug\displayableobject.sbr
c:\users\afiq\documents\visual studio 2013\projects\cpp_cw2015\cpp_cw2015\debug\fontmanager.sbr
c:\users\afiq\documents\visual studio 2013\projects\cpp_cw2015\cpp_cw2015\debug\jpgimage.sbr
c:\users\afiq\documents\visual studio 2013\projects\cpp_cw2015\cpp_cw2015\debug\simpledemo.sbr
c:\users\afiq\documents\visual studio 2013\projects\cpp_cw2015\cpp_cw2015\debug\tilemanager.sbr
c:\users\afiq\documents\visual studio 2013\projects\cpp_cw2015\cpp_cw2015\debug\bouncingball.sbr
c:\users\afiq\documents\visual studio 2013\projects\cpp_cw2015\cpp_cw2015\debug\bouncingballmain.sbr
c:\users\afiq\documents\visual studio 2013\projects\cpp_cw2015\cpp_cw2015\debug\demo1main.sbr
c:\users\afiq\documents\visual studio 2013\projects\cpp_cw2015\cpp_cw2015\debug\demo2main.sbr
c:\users\afiq\documents\visual studio 2013\projects\cpp_cw2015\cpp_cw2015\debug\demo2object.sbr
c:\users\afiq\documents\visual studio 2013\projects\cpp_cw2015\cpp_cw2015\debug\demo2tilemanager.sbr
c:\users\afiq\documents\visual studio 2013\projects\cpp_cw2015\cpp_cw2015\debug\demo3main.sbr
c:\users\afiq\documents\visual studio 2013\projects\cpp_cw2015\cpp_cw2015\debug\demo3object.sbr
c:\users\afiq\documents\visual studio 2013\projects\cpp_cw2015\cpp_cw2015\debug\demo3objectfinished.sbr
c:\users\afiq\documents\visual studio 2013\projects\cpp_cw2015\cpp_cw2015\debug\demo3tilemanager.sbr
c:\users\afiq\documents\visual studio 2013\projects\cpp_cw2015\cpp_cw2015\debug\demo4main.sbr
c:\users\afiq\documents\visual studio 2013\projects\cpp_cw2015\cpp_cw2015\debug\demo4main.obj
c:\users\afiq\documents\visual studio 2013\projects\cpp_cw2015\cpp_cw2015\debug\demo3tilemanager.obj
c:\users\afiq\documents\visual studio 2013\projects\cpp_cw2015\cpp_cw2015\debug\demo3objectfinished.obj
c:\users\afiq\documents\visual studio 2013\projects\cpp_cw2015\cpp_cw2015\debug\demo3object.obj
c:\users\afiq\documents\visual studio 2013\projects\cpp_cw2015\cpp_cw2015\debug\demo3main.obj
c:\users\afiq\documents\visual studio 2013\projects\cpp_cw2015\cpp_cw2015\debug\demo2tilemanager.obj
c:\users\afiq\documents\visual studio 2013\projects\cpp_cw2015\cpp_cw2015\debug\demo2object.obj
c:\users\afiq\documents\visual studio 2013\projects\cpp_cw2015\cpp_cw2015\debug\demo2main.obj
c:\users\afiq\documents\visual studio 2013\projects\cpp_cw2015\cpp_cw2015\debug\demo1main.obj
c:\users\afiq\documents\visual studio 2013\projects\cpp_cw2015\cpp_cw2015\debug\bouncingballmain.obj
c:\users\afiq\documents\visual studio 2013\projects\cpp_cw2015\cpp_cw2015\debug\bouncingball.obj
c:\users\afiq\documents\visual studio 2013\projects\cpp_cw2015\cpp_cw2015\debug\tilemanager.obj
c:\users\afiq\documents\visual studio 2013\projects\cpp_cw2015\cpp_cw2015\debug\simpledemo.obj
c:\users\afiq\documents\visual studio 2013\projects\cpp_cw2015\cpp_cw2015\debug\jpgimage.obj
c:\users\afiq\documents\visual studio 2013\projects\cpp_cw2015\cpp_cw2015\debug\fontmanager.obj
c:\users\afiq\documents\visual studio 2013\projects\cpp_cw2015\cpp_cw2015\debug\displayableobject.obj
c:\users\afiq\documents\visual studio 2013\projects\cpp_cw2015\cpp_cw2015\debug\baseengine.obj
c:\users\afiq\documents\visual studio 2013\projects\cpp_cw2015\cpp_cw2015\debug\mainfunction.obj
c:\users\afiq\documents\visual studio 2013\projects\cpp_cw2015\cpp_cw2015\debug\demobobject.obj
c:\users\afiq\documents\visual studio 2013\projects\cpp_cw2015\cpp_cw2015\debug\demoamain.obj
c:\users\afiq\documents\visual studio 2013\projects\cpp_cw2015\cpp_cw2015\debug\demo4object.sbr
c:\users\afiq\documents\visual studio 2013\projects\cpp_cw2015\cpp_cw2015\debug\demo4tilemanager.sbr
c:\users\afiq\documents\visual studio 2013\projects\cpp_cw2015\cpp_cw2015\debug\demo4tilemanager.obj
c:\users\afiq\documents\visual studio 2013\projects\cpp_cw2015\cpp_cw2015\debug\demo4object.obj
c:\users\afiq\documents\visual studio 2013\projects\cpp_cw2015\cpp_cw2015\debug\basket.sbr
c:\users\afiq\documents\visual studio 2013\projects\cpp_cw2015\cpp_cw2015\debug\psysasmain.sbr
c:\users\afiq\documents\visual studio 2013\projects\cpp_cw2015\cpp_cw2015\debug\psysasmain.obj
c:\users\afiq\documents\visual studio 2013\projects\cpp_cw2015\cpp_cw2015\debug\basket.obj
c:\users\afiq\documents\visual studio 2013\projects\cpp_cw2015\cpp_cw2015\debug\courseworkbase.ilk
c:\users\afiq\documents\visual studio 2013\projects\cpp_cw2015\cpp_cw2015\debug\courseworkbase.exe
c:\users\afiq\documents\visual studio 2013\projects\cpp_cw2015\cpp_cw2015\src\map
c:\users\afiq\documents\visual studio 2013\projects\cpp_cw2015\cpp_cw2015\debug\courseworkbase.pdb
c:\users\afiq\documents\visual studio 2013\projects\cpp_cw2015\cpp_cw2015\debug\testing.ilk
c:\users\afiq\documents\visual studio 2013\projects\cpp_cw2015\cpp_cw2015\debug\testing.pdb
c:\users\afiq\documents\visual studio 2013\projects\cpp_cw2015\cpp_cw2015\/debug\courseworkbase.pdb
c:\users\afiq\documents\visual studio 2013\projects\cpp_cw2015\cpp_cw2015\/debug\courseworkbase.exe
c:\users\afiq\documents\visual studio 2013\projects\cpp_cw2015\cpp_cw2015\/debug\courseworkbase.bsc
c:\users\afiq\documents\visual studio 2013\projects\cpp_cw2015\cpp_cw2015\/debug\courseworkbase.ilk
c:\users\afiq\documents\visual studio 2013\projects\cpp_cw2015\cpp_cw2015\debug\courseworkbase.tlog\bscmake.command.1.tlog
c:\users\afiq\documents\visual studio 2013\projects\cpp_cw2015\cpp_cw2015\debug\courseworkbase.tlog\bscmake.read.1.tlog
c:\users\afiq\documents\visual studio 2013\projects\cpp_cw2015\cpp_cw2015\debug\courseworkbase.tlog\bscmake.write.1.tlog
c:\users\afiq\documents\visual studio 2013\projects\cpp_cw2015\cpp_cw2015\debug\courseworkbase.tlog\cl.command.1.tlog
c:\users\afiq\documents\visual studio 2013\projects\cpp_cw2015\cpp_cw2015\debug\courseworkbase.tlog\cl.read.1.tlog
c:\users\afiq\documents\visual studio 2013\projects\cpp_cw2015\cpp_cw2015\debug\courseworkbase.tlog\cl.write.1.tlog
c:\users\afiq\documents\visual studio 2013\projects\cpp_cw2015\cpp_cw2015\debug\courseworkbase.tlog\link.command.1.tlog
c:\users\afiq\documents\visual studio 2013\projects\cpp_cw2015\cpp_cw2015\debug\courseworkbase.tlog\link.read.1.tlog
c:\users\afiq\documents\visual studio 2013\projects\cpp_cw2015\cpp_cw2015\debug\courseworkbase.tlog\link.write.1.tlog
