Build started 28/04/2015 04:19:44.
     1>Project "C:\Users\Afiq\Documents\Visual Studio 2013\Projects\Coursework CPP 2\CPP_CW2015\src\CourseworkBase.vcxproj" on node 2 (Build target(s)).
     1>ClCompile:
         C:\Program Files (x86)\Microsoft Visual Studio 12.0\VC\bin\CL.exe /c /I..\SDL\include /ZI /nologo /W1 /WX- /Od /Oy- /Gm- /EHsc /MD /GS /fp:precise /Zc:wchar_t /Zc:forScope /Fo"C:\Users\Afiq\Documents\Visual Studio 2013\Projects\Coursework CPP 2\CPP_CW2015\/Debug\\" /Fd"C:\Users\Afiq\Documents\Visual Studio 2013\Projects\Coursework CPP 2\CPP_CW2015\/Debug\vc120.pdb" /FR"C:\Users\Afiq\Documents\Visual Studio 2013\Projects\Coursework CPP 2\CPP_CW2015\/Debug\\" /Gd /TP /analyze- /errorReport:prompt PowerDown.cpp PsysasEnemy.cpp PsysasMain.cpp mainfunction.cpp
         PowerDown.cpp
         PsysasEnemy.cpp
         PsysasMain.cpp
         mainfunction.cpp
         Generating Code...
       Link:
         C:\Program Files (x86)\Microsoft Visual Studio 12.0\VC\bin\link.exe /ERRORREPORT:PROMPT /OUT:"C:\Users\Afiq\Documents\Visual Studio 2013\Projects\Coursework CPP 2\CPP_CW2015\/Debug\CourseworkBase.exe" /NOLOGO /LIBPATH:..\SDL\libx86 SDL2.lib SDL2main.lib SDL2_image.lib SDL2_ttf.lib kernel32.lib user32.lib gdi32.lib winspool.lib comdlg32.lib advapi32.lib shell32.lib ole32.lib oleaut32.lib uuid.lib odbc32.lib odbccp32.lib /MANIFEST /MANIFESTUAC:"level='asInvoker' uiAccess='false'" /manifest:embed /DEBUG /PDB:"C:\Users\Afiq\Documents\Visual Studio 2013\Projects\Coursework CPP 2\CPP_CW2015\/Debug\CourseworkBase.pdb" /MAP:"map" /SUBSYSTEM:CONSOLE /TLBID:1 /ENTRY:"mainCRTStartup" /DYNAMICBASE:NO /IMPLIB:"C:\Users\Afiq\Documents\Visual Studio 2013\Projects\Coursework CPP 2\CPP_CW2015\/Debug\CourseworkBase.lib" /MACHINE:X86 /SAFESEH "C:\Users\Afiq\Documents\Visual Studio 2013\Projects\Coursework CPP 2\CPP_CW2015\/Debug\PowerDown.obj"
         "C:\Users\Afiq\Documents\Visual Studio 2013\Projects\Coursework CPP 2\CPP_CW2015\/Debug\PsysasEnemy.obj"
         "C:\Users\Afiq\Documents\Visual Studio 2013\Projects\Coursework CPP 2\CPP_CW2015\/Debug\PsysasPlayer.obj"
         "C:\Users\Afiq\Documents\Visual Studio 2013\Projects\Coursework CPP 2\CPP_CW2015\/Debug\DemoAMain.obj"
         "C:\Users\Afiq\Documents\Visual Studio 2013\Projects\Coursework CPP 2\CPP_CW2015\/Debug\DemoBObject.obj"
         "C:\Users\Afiq\Documents\Visual Studio 2013\Projects\Coursework CPP 2\CPP_CW2015\/Debug\mainfunction.obj"
         "C:\Users\Afiq\Documents\Visual Studio 2013\Projects\Coursework CPP 2\CPP_CW2015\/Debug\BaseEngine.obj"
         "C:\Users\Afiq\Documents\Visual Studio 2013\Projects\Coursework CPP 2\CPP_CW2015\/Debug\DisplayableObject.obj"
         "C:\Users\Afiq\Documents\Visual Studio 2013\Projects\Coursework CPP 2\CPP_CW2015\/Debug\FontManager.obj"
         "C:\Users\Afiq\Documents\Visual Studio 2013\Projects\Coursework CPP 2\CPP_CW2015\/Debug\JPGImage.obj"
         "C:\Users\Afiq\Documents\Visual Studio 2013\Projects\Coursework CPP 2\CPP_CW2015\/Debug\PsysasMain.obj"
         "C:\Users\Afiq\Documents\Visual Studio 2013\Projects\Coursework CPP 2\CPP_CW2015\/Debug\PsysasTileManager.obj"
         "C:\Users\Afiq\Documents\Visual Studio 2013\Projects\Coursework CPP 2\CPP_CW2015\/Debug\SimpleDemo.obj"
         "C:\Users\Afiq\Documents\Visual Studio 2013\Projects\Coursework CPP 2\CPP_CW2015\/Debug\TileManager.obj"
         "C:\Users\Afiq\Documents\Visual Studio 2013\Projects\Coursework CPP 2\CPP_CW2015\/Debug\BouncingBall.obj"
         "C:\Users\Afiq\Documents\Visual Studio 2013\Projects\Coursework CPP 2\CPP_CW2015\/Debug\BouncingBallMain.obj"
         "C:\Users\Afiq\Documents\Visual Studio 2013\Projects\Coursework CPP 2\CPP_CW2015\/Debug\Demo1Main.obj"
         "C:\Users\Afiq\Documents\Visual Studio 2013\Projects\Coursework CPP 2\CPP_CW2015\/Debug\Demo2Main.obj"
         "C:\Users\Afiq\Documents\Visual Studio 2013\Projects\Coursework CPP 2\CPP_CW2015\/Debug\Demo2Object.obj"
         "C:\Users\Afiq\Documents\Visual Studio 2013\Projects\Coursework CPP 2\CPP_CW2015\/Debug\Demo2TileManager.obj"
         "C:\Users\Afiq\Documents\Visual Studio 2013\Projects\Coursework CPP 2\CPP_CW2015\/Debug\Demo3Main.obj"
         "C:\Users\Afiq\Documents\Visual Studio 2013\Projects\Coursework CPP 2\CPP_CW2015\/Debug\Demo3Object.obj"
         "C:\Users\Afiq\Documents\Visual Studio 2013\Projects\Coursework CPP 2\CPP_CW2015\/Debug\Demo3ObjectFinished.obj"
         "C:\Users\Afiq\Documents\Visual Studio 2013\Projects\Coursework CPP 2\CPP_CW2015\/Debug\Demo3TileManager.obj"
         "C:\Users\Afiq\Documents\Visual Studio 2013\Projects\Coursework CPP 2\CPP_CW2015\/Debug\Demo4Main.obj"
         "C:\Users\Afiq\Documents\Visual Studio 2013\Projects\Coursework CPP 2\CPP_CW2015\/Debug\Demo4Object.obj"
         "C:\Users\Afiq\Documents\Visual Studio 2013\Projects\Coursework CPP 2\CPP_CW2015\/Debug\Demo4TileManager.obj"
         CourseworkBase.vcxproj -> C:\Users\Afiq\Documents\Visual Studio 2013\Projects\Coursework CPP 2\CPP_CW2015\/Debug\CourseworkBase.exe
       BscMake:
         C:\Program Files (x86)\Microsoft Visual Studio 12.0\VC\bin\bscmake.exe /nologo /o"C:\Users\Afiq\Documents\Visual Studio 2013\Projects\Coursework CPP 2\CPP_CW2015\/Debug\CourseworkBase.bsc" "C:\Users\Afiq\Documents\Visual Studio 2013\Projects\Coursework CPP 2\CPP_CW2015\/Debug\PowerDown.sbr" "C:\Users\Afiq\Documents\Visual Studio 2013\Projects\Coursework CPP 2\CPP_CW2015\/Debug\PsysasEnemy.sbr" "C:\Users\Afiq\Documents\Visual Studio 2013\Projects\Coursework CPP 2\CPP_CW2015\/Debug\PsysasPlayer.sbr" "C:\Users\Afiq\Documents\Visual Studio 2013\Projects\Coursework CPP 2\CPP_CW2015\/Debug\DemoAMain.sbr" "C:\Users\Afiq\Documents\Visual Studio 2013\Projects\Coursework CPP 2\CPP_CW2015\/Debug\DemoBObject.sbr" "C:\Users\Afiq\Documents\Visual Studio 2013\Projects\Coursework CPP 2\CPP_CW2015\/Debug\mainfunction.sbr" "C:\Users\Afiq\Documents\Visual Studio 2013\Projects\Coursework CPP 2\CPP_CW2015\/Debug\BaseEngine.sbr" "C:\Users\Afiq\Documents\Visual Studio 2013\Projects\Coursework CPP 2\CPP_CW2015\/Debug\DisplayableObject.sbr" "C:\Users\Afiq\Documents\Visual Studio 2013\Projects\Coursework CPP 2\CPP_CW2015\/Debug\FontManager.sbr" "C:\Users\Afiq\Documents\Visual Studio 2013\Projects\Coursework CPP 2\CPP_CW2015\/Debug\JPGImage.sbr" "C:\Users\Afiq\Documents\Visual Studio 2013\Projects\Coursework CPP 2\CPP_CW2015\/Debug\PsysasMain.sbr" "C:\Users\Afiq\Documents\Visual Studio 2013\Projects\Coursework CPP 2\CPP_CW2015\/Debug\PsysasTileManager.sbr" "C:\Users\Afiq\Documents\Visual Studio 2013\Projects\Coursework CPP 2\CPP_CW2015\/Debug\SimpleDemo.sbr" "C:\Users\Afiq\Documents\Visual Studio 2013\Projects\Coursework CPP 2\CPP_CW2015\/Debug\TileManager.sbr" "C:\Users\Afiq\Documents\Visual Studio 2013\Projects\Coursework CPP 2\CPP_CW2015\/Debug\BouncingBall.sbr" "C:\Users\Afiq\Documents\Visual Studio 2013\Projects\Coursework CPP 2\CPP_CW2015\/Debug\BouncingBallMain.sbr" "C:\Users\Afiq\Documents\Visual Studio 2013\Projects\Coursework CPP 2\CPP_CW2015\/Debug\Demo1Main.sbr" "C:\Users\Afiq\Documents\Visual Studio 2013\Projects\Coursework CPP 2\CPP_CW2015\/Debug\Demo2Main.sbr" "C:\Users\Afiq\Documents\Visual Studio 2013\Projects\Coursework CPP 2\CPP_CW2015\/Debug\Demo2Object.sbr" "C:\Users\Afiq\Documents\Visual Studio 2013\Projects\Coursework CPP 2\CPP_CW2015\/Debug\Demo2TileManager.sbr" "C:\Users\Afiq\Documents\Visual Studio 2013\Projects\Coursework CPP 2\CPP_CW2015\/Debug\Demo3Main.sbr" "C:\Users\Afiq\Documents\Visual Studio 2013\Projects\Coursework CPP 2\CPP_CW2015\/Debug\Demo3Object.sbr" "C:\Users\Afiq\Documents\Visual Studio 2013\Projects\Coursework CPP 2\CPP_CW2015\/Debug\Demo3ObjectFinished.sbr" "C:\Users\Afiq\Documents\Visual Studio 2013\Projects\Coursework CPP 2\CPP_CW2015\/Debug\Demo3TileManager.sbr" "C:\Users\Afiq\Documents\Visual Studio 2013\Projects\Coursework CPP 2\CPP_CW2015\/Debug\Demo4Main.sbr" "C:\Users\Afiq\Documents\Visual Studio 2013\Projects\Coursework CPP 2\CPP_CW2015\/Debug\Demo4Object.sbr" "C:\Users\Afiq\Documents\Visual Studio 2013\Projects\Coursework CPP 2\CPP_CW2015\/Debug\Demo4TileManager.sbr"
     1>Done Building Project "C:\Users\Afiq\Documents\Visual Studio 2013\Projects\Coursework CPP 2\CPP_CW2015\src\CourseworkBase.vcxproj" (Build target(s)).

Build succeeded.

Time Elapsed 00:00:03.59
